[2025-05-31 00:31:18] local.ERROR: could not find driver (Connection: mysql, SQL: select exists (select 1 from information_schema.tables where table_schema = schema() and table_name = 'migrations' and table_type in ('BASE TABLE', 'SYSTEM VERSIONED')) as `exists`) {"exception":"[object] (Illuminate\\Database\\QueryException(code: 0): could not find driver (Connection: mysql, SQL: select exists (select 1 from information_schema.tables where table_schema = schema() and table_name = 'migrations' and table_type in ('BASE TABLE', 'SYSTEM VERSIONED')) as `exists`) at C:\\Users\\teuku\\OneDrive\\Documents\\Code_PBW\\inventory-app\\vendor\\laravel\\framework\\src\\Illuminate\\Database\\Connection.php:822)
[stacktrace]
#0 C:\\Users\\teuku\\OneDrive\\Documents\\Code_PBW\\inventory-app\\vendor\\laravel\\framework\\src\\Illuminate\\Database\\Connection.php(776): Illuminate\\Database\\Connection->runQueryCallback()
#1 C:\\Users\\teuku\\OneDrive\\Documents\\Code_PBW\\inventory-app\\vendor\\laravel\\framework\\src\\Illuminate\\Database\\Connection.php(395): Illuminate\\Database\\Connection->run()
#2 C:\\Users\\teuku\\OneDrive\\Documents\\Code_PBW\\inventory-app\\vendor\\laravel\\framework\\src\\Illuminate\\Database\\Connection.php(341): Illuminate\\Database\\Connection->select()
#3 C:\\Users\\teuku\\OneDrive\\Documents\\Code_PBW\\inventory-app\\vendor\\laravel\\framework\\src\\Illuminate\\Database\\Connection.php(358): Illuminate\\Database\\Connection->selectOne()
#4 C:\\Users\\teuku\\OneDrive\\Documents\\Code_PBW\\inventory-app\\vendor\\laravel\\framework\\src\\Illuminate\\Database\\Schema\\Builder.php(174): Illuminate\\Database\\Connection->scalar()
#5 C:\\Users\\teuku\\OneDrive\\Documents\\Code_PBW\\inventory-app\\vendor\\laravel\\framework\\src\\Illuminate\\Database\\Migrations\\DatabaseMigrationRepository.php(183): Illuminate\\Database\\Schema\\Builder->hasTable()
#6 C:\\Users\\teuku\\OneDrive\\Documents\\Code_PBW\\inventory-app\\vendor\\laravel\\framework\\src\\Illuminate\\Database\\Migrations\\Migrator.php(749): Illuminate\\Database\\Migrations\\DatabaseMigrationRepository->repositoryExists()
#7 C:\\Users\\teuku\\OneDrive\\Documents\\Code_PBW\\inventory-app\\vendor\\laravel\\framework\\src\\Illuminate\\Database\\Console\\Migrations\\MigrateCommand.php(164): Illuminate\\Database\\Migrations\\Migrator->repositoryExists()
#8 C:\\Users\\teuku\\OneDrive\\Documents\\Code_PBW\\inventory-app\\vendor\\laravel\\framework\\src\\Illuminate\\Support\\helpers.php(338): Illuminate\\Database\\Console\\Migrations\\MigrateCommand->{closure:Illuminate\\Database\\Console\\Migrations\\MigrateCommand::repositoryExists():164}()
#9 C:\\Users\\teuku\\OneDrive\\Documents\\Code_PBW\\inventory-app\\vendor\\laravel\\framework\\src\\Illuminate\\Database\\Console\\Migrations\\MigrateCommand.php(164): retry()
#10 C:\\Users\\teuku\\OneDrive\\Documents\\Code_PBW\\inventory-app\\vendor\\laravel\\framework\\src\\Illuminate\\Database\\Console\\Migrations\\MigrateCommand.php(140): Illuminate\\Database\\Console\\Migrations\\MigrateCommand->repositoryExists()
#11 C:\\Users\\teuku\\OneDrive\\Documents\\Code_PBW\\inventory-app\\vendor\\laravel\\framework\\src\\Illuminate\\Database\\Console\\Migrations\\MigrateCommand.php(110): Illuminate\\Database\\Console\\Migrations\\MigrateCommand->prepareDatabase()
#12 C:\\Users\\teuku\\OneDrive\\Documents\\Code_PBW\\inventory-app\\vendor\\laravel\\framework\\src\\Illuminate\\Database\\Migrations\\Migrator.php(665): Illuminate\\Database\\Console\\Migrations\\MigrateCommand->{closure:Illuminate\\Database\\Console\\Migrations\\MigrateCommand::runMigrations():109}()
#13 C:\\Users\\teuku\\OneDrive\\Documents\\Code_PBW\\inventory-app\\vendor\\laravel\\framework\\src\\Illuminate\\Database\\Console\\Migrations\\MigrateCommand.php(109): Illuminate\\Database\\Migrations\\Migrator->usingConnection()
#14 C:\\Users\\teuku\\OneDrive\\Documents\\Code_PBW\\inventory-app\\vendor\\laravel\\framework\\src\\Illuminate\\Database\\Console\\Migrations\\MigrateCommand.php(88): Illuminate\\Database\\Console\\Migrations\\MigrateCommand->runMigrations()
#15 C:\\Users\\teuku\\OneDrive\\Documents\\Code_PBW\\inventory-app\\vendor\\laravel\\framework\\src\\Illuminate\\Container\\BoundMethod.php(36): Illuminate\\Database\\Console\\Migrations\\MigrateCommand->handle()
#16 C:\\Users\\teuku\\OneDrive\\Documents\\Code_PBW\\inventory-app\\vendor\\laravel\\framework\\src\\Illuminate\\Container\\Util.php(43): Illuminate\\Container\\BoundMethod::{closure:Illuminate\\Container\\BoundMethod::call():35}()
#17 C:\\Users\\teuku\\OneDrive\\Documents\\Code_PBW\\inventory-app\\vendor\\laravel\\framework\\src\\Illuminate\\Container\\BoundMethod.php(96): Illuminate\\Container\\Util::unwrapIfClosure()
#18 C:\\Users\\teuku\\OneDrive\\Documents\\Code_PBW\\inventory-app\\vendor\\laravel\\framework\\src\\Illuminate\\Container\\BoundMethod.php(35): Illuminate\\Container\\BoundMethod::callBoundMethod()
#19 C:\\Users\\teuku\\OneDrive\\Documents\\Code_PBW\\inventory-app\\vendor\\laravel\\framework\\src\\Illuminate\\Container\\Container.php(754): Illuminate\\Container\\BoundMethod::call()
#20 C:\\Users\\teuku\\OneDrive\\Documents\\Code_PBW\\inventory-app\\vendor\\laravel\\framework\\src\\Illuminate\\Console\\Command.php(211): Illuminate\\Container\\Container->call()
#21 C:\\Users\\teuku\\OneDrive\\Documents\\Code_PBW\\inventory-app\\vendor\\symfony\\console\\Command\\Command.php(318): Illuminate\\Console\\Command->execute()
#22 C:\\Users\\teuku\\OneDrive\\Documents\\Code_PBW\\inventory-app\\vendor\\laravel\\framework\\src\\Illuminate\\Console\\Command.php(180): Symfony\\Component\\Console\\Command\\Command->run()
#23 C:\\Users\\teuku\\OneDrive\\Documents\\Code_PBW\\inventory-app\\vendor\\symfony\\console\\Application.php(1092): Illuminate\\Console\\Command->run()
#24 C:\\Users\\teuku\\OneDrive\\Documents\\Code_PBW\\inventory-app\\vendor\\symfony\\console\\Application.php(341): Symfony\\Component\\Console\\Application->doRunCommand()
#25 C:\\Users\\teuku\\OneDrive\\Documents\\Code_PBW\\inventory-app\\vendor\\symfony\\console\\Application.php(192): Symfony\\Component\\Console\\Application->doRun()
#26 C:\\Users\\teuku\\OneDrive\\Documents\\Code_PBW\\inventory-app\\vendor\\laravel\\framework\\src\\Illuminate\\Foundation\\Console\\Kernel.php(197): Symfony\\Component\\Console\\Application->run()
#27 C:\\Users\\teuku\\OneDrive\\Documents\\Code_PBW\\inventory-app\\vendor\\laravel\\framework\\src\\Illuminate\\Foundation\\Application.php(1234): Illuminate\\Foundation\\Console\\Kernel->handle()
#28 C:\\Users\\teuku\\OneDrive\\Documents\\Code_PBW\\inventory-app\\artisan(16): Illuminate\\Foundation\\Application->handleCommand()
#29 {main}

[previous exception] [object] (PDOException(code: 0): could not find driver at C:\\Users\\teuku\\OneDrive\\Documents\\Code_PBW\\inventory-app\\vendor\\laravel\\framework\\src\\Illuminate\\Database\\Connectors\\Connector.php:67)
[stacktrace]
#0 C:\\Users\\teuku\\OneDrive\\Documents\\Code_PBW\\inventory-app\\vendor\\laravel\\framework\\src\\Illuminate\\Database\\Connectors\\Connector.php(67): PDO::connect()
#1 C:\\Users\\teuku\\OneDrive\\Documents\\Code_PBW\\inventory-app\\vendor\\laravel\\framework\\src\\Illuminate\\Database\\Connectors\\Connector.php(44): Illuminate\\Database\\Connectors\\Connector->createPdoConnection()
#2 C:\\Users\\teuku\\OneDrive\\Documents\\Code_PBW\\inventory-app\\vendor\\laravel\\framework\\src\\Illuminate\\Database\\Connectors\\MySqlConnector.php(24): Illuminate\\Database\\Connectors\\Connector->createConnection()
#3 C:\\Users\\teuku\\OneDrive\\Documents\\Code_PBW\\inventory-app\\vendor\\laravel\\framework\\src\\Illuminate\\Database\\Connectors\\ConnectionFactory.php(184): Illuminate\\Database\\Connectors\\MySqlConnector->connect()
#4 [internal function]: Illuminate\\Database\\Connectors\\ConnectionFactory->{closure:Illuminate\\Database\\Connectors\\ConnectionFactory::createPdoResolverWithHosts():179}()
#5 C:\\Users\\teuku\\OneDrive\\Documents\\Code_PBW\\inventory-app\\vendor\\laravel\\framework\\src\\Illuminate\\Database\\Connection.php(1228): call_user_func()
#6 C:\\Users\\teuku\\OneDrive\\Documents\\Code_PBW\\inventory-app\\vendor\\laravel\\framework\\src\\Illuminate\\Database\\Connection.php(1264): Illuminate\\Database\\Connection->getPdo()
#7 C:\\Users\\teuku\\OneDrive\\Documents\\Code_PBW\\inventory-app\\vendor\\laravel\\framework\\src\\Illuminate\\Database\\Connection.php(509): Illuminate\\Database\\Connection->getReadPdo()
#8 C:\\Users\\teuku\\OneDrive\\Documents\\Code_PBW\\inventory-app\\vendor\\laravel\\framework\\src\\Illuminate\\Database\\Connection.php(404): Illuminate\\Database\\Connection->getPdoForSelect()
#9 C:\\Users\\teuku\\OneDrive\\Documents\\Code_PBW\\inventory-app\\vendor\\laravel\\framework\\src\\Illuminate\\Database\\Connection.php(809): Illuminate\\Database\\Connection->{closure:Illuminate\\Database\\Connection::select():395}()
#10 C:\\Users\\teuku\\OneDrive\\Documents\\Code_PBW\\inventory-app\\vendor\\laravel\\framework\\src\\Illuminate\\Database\\Connection.php(776): Illuminate\\Database\\Connection->runQueryCallback()
#11 C:\\Users\\teuku\\OneDrive\\Documents\\Code_PBW\\inventory-app\\vendor\\laravel\\framework\\src\\Illuminate\\Database\\Connection.php(395): Illuminate\\Database\\Connection->run()
#12 C:\\Users\\teuku\\OneDrive\\Documents\\Code_PBW\\inventory-app\\vendor\\laravel\\framework\\src\\Illuminate\\Database\\Connection.php(341): Illuminate\\Database\\Connection->select()
#13 C:\\Users\\teuku\\OneDrive\\Documents\\Code_PBW\\inventory-app\\vendor\\laravel\\framework\\src\\Illuminate\\Database\\Connection.php(358): Illuminate\\Database\\Connection->selectOne()
#14 C:\\Users\\teuku\\OneDrive\\Documents\\Code_PBW\\inventory-app\\vendor\\laravel\\framework\\src\\Illuminate\\Database\\Schema\\Builder.php(174): Illuminate\\Database\\Connection->scalar()
#15 C:\\Users\\teuku\\OneDrive\\Documents\\Code_PBW\\inventory-app\\vendor\\laravel\\framework\\src\\Illuminate\\Database\\Migrations\\DatabaseMigrationRepository.php(183): Illuminate\\Database\\Schema\\Builder->hasTable()
#16 C:\\Users\\teuku\\OneDrive\\Documents\\Code_PBW\\inventory-app\\vendor\\laravel\\framework\\src\\Illuminate\\Database\\Migrations\\Migrator.php(749): Illuminate\\Database\\Migrations\\DatabaseMigrationRepository->repositoryExists()
#17 C:\\Users\\teuku\\OneDrive\\Documents\\Code_PBW\\inventory-app\\vendor\\laravel\\framework\\src\\Illuminate\\Database\\Console\\Migrations\\MigrateCommand.php(164): Illuminate\\Database\\Migrations\\Migrator->repositoryExists()
#18 C:\\Users\\teuku\\OneDrive\\Documents\\Code_PBW\\inventory-app\\vendor\\laravel\\framework\\src\\Illuminate\\Support\\helpers.php(338): Illuminate\\Database\\Console\\Migrations\\MigrateCommand->{closure:Illuminate\\Database\\Console\\Migrations\\MigrateCommand::repositoryExists():164}()
#19 C:\\Users\\teuku\\OneDrive\\Documents\\Code_PBW\\inventory-app\\vendor\\laravel\\framework\\src\\Illuminate\\Database\\Console\\Migrations\\MigrateCommand.php(164): retry()
#20 C:\\Users\\teuku\\OneDrive\\Documents\\Code_PBW\\inventory-app\\vendor\\laravel\\framework\\src\\Illuminate\\Database\\Console\\Migrations\\MigrateCommand.php(140): Illuminate\\Database\\Console\\Migrations\\MigrateCommand->repositoryExists()
#21 C:\\Users\\teuku\\OneDrive\\Documents\\Code_PBW\\inventory-app\\vendor\\laravel\\framework\\src\\Illuminate\\Database\\Console\\Migrations\\MigrateCommand.php(110): Illuminate\\Database\\Console\\Migrations\\MigrateCommand->prepareDatabase()
#22 C:\\Users\\teuku\\OneDrive\\Documents\\Code_PBW\\inventory-app\\vendor\\laravel\\framework\\src\\Illuminate\\Database\\Migrations\\Migrator.php(665): Illuminate\\Database\\Console\\Migrations\\MigrateCommand->{closure:Illuminate\\Database\\Console\\Migrations\\MigrateCommand::runMigrations():109}()
#23 C:\\Users\\teuku\\OneDrive\\Documents\\Code_PBW\\inventory-app\\vendor\\laravel\\framework\\src\\Illuminate\\Database\\Console\\Migrations\\MigrateCommand.php(109): Illuminate\\Database\\Migrations\\Migrator->usingConnection()
#24 C:\\Users\\teuku\\OneDrive\\Documents\\Code_PBW\\inventory-app\\vendor\\laravel\\framework\\src\\Illuminate\\Database\\Console\\Migrations\\MigrateCommand.php(88): Illuminate\\Database\\Console\\Migrations\\MigrateCommand->runMigrations()
#25 C:\\Users\\teuku\\OneDrive\\Documents\\Code_PBW\\inventory-app\\vendor\\laravel\\framework\\src\\Illuminate\\Container\\BoundMethod.php(36): Illuminate\\Database\\Console\\Migrations\\MigrateCommand->handle()
#26 C:\\Users\\teuku\\OneDrive\\Documents\\Code_PBW\\inventory-app\\vendor\\laravel\\framework\\src\\Illuminate\\Container\\Util.php(43): Illuminate\\Container\\BoundMethod::{closure:Illuminate\\Container\\BoundMethod::call():35}()
#27 C:\\Users\\teuku\\OneDrive\\Documents\\Code_PBW\\inventory-app\\vendor\\laravel\\framework\\src\\Illuminate\\Container\\BoundMethod.php(96): Illuminate\\Container\\Util::unwrapIfClosure()
#28 C:\\Users\\teuku\\OneDrive\\Documents\\Code_PBW\\inventory-app\\vendor\\laravel\\framework\\src\\Illuminate\\Container\\BoundMethod.php(35): Illuminate\\Container\\BoundMethod::callBoundMethod()
#29 C:\\Users\\teuku\\OneDrive\\Documents\\Code_PBW\\inventory-app\\vendor\\laravel\\framework\\src\\Illuminate\\Container\\Container.php(754): Illuminate\\Container\\BoundMethod::call()
#30 C:\\Users\\teuku\\OneDrive\\Documents\\Code_PBW\\inventory-app\\vendor\\laravel\\framework\\src\\Illuminate\\Console\\Command.php(211): Illuminate\\Container\\Container->call()
#31 C:\\Users\\teuku\\OneDrive\\Documents\\Code_PBW\\inventory-app\\vendor\\symfony\\console\\Command\\Command.php(318): Illuminate\\Console\\Command->execute()
#32 C:\\Users\\teuku\\OneDrive\\Documents\\Code_PBW\\inventory-app\\vendor\\laravel\\framework\\src\\Illuminate\\Console\\Command.php(180): Symfony\\Component\\Console\\Command\\Command->run()
#33 C:\\Users\\teuku\\OneDrive\\Documents\\Code_PBW\\inventory-app\\vendor\\symfony\\console\\Application.php(1092): Illuminate\\Console\\Command->run()
#34 C:\\Users\\teuku\\OneDrive\\Documents\\Code_PBW\\inventory-app\\vendor\\symfony\\console\\Application.php(341): Symfony\\Component\\Console\\Application->doRunCommand()
#35 C:\\Users\\teuku\\OneDrive\\Documents\\Code_PBW\\inventory-app\\vendor\\symfony\\console\\Application.php(192): Symfony\\Component\\Console\\Application->doRun()
#36 C:\\Users\\teuku\\OneDrive\\Documents\\Code_PBW\\inventory-app\\vendor\\laravel\\framework\\src\\Illuminate\\Foundation\\Console\\Kernel.php(197): Symfony\\Component\\Console\\Application->run()
#37 C:\\Users\\teuku\\OneDrive\\Documents\\Code_PBW\\inventory-app\\vendor\\laravel\\framework\\src\\Illuminate\\Foundation\\Application.php(1234): Illuminate\\Foundation\\Console\\Kernel->handle()
#38 C:\\Users\\teuku\\OneDrive\\Documents\\Code_PBW\\inventory-app\\artisan(16): Illuminate\\Foundation\\Application->handleCommand()
#39 {main}
"} 
[2025-05-31 00:41:39] local.ERROR: SQLSTATE[22003]: Numeric value out of range: 1264 Out of range value for column 'price' at row 1 (Connection: mysql, SQL: insert into `items` (`name`, `description`, `quantity`, `price`, `updated_at`, `created_at`) values (Laptop ABC, Laptop gaming dengan spesifikasi tinggi, 10, 15000000, 2025-05-31 00:41:39, 2025-05-31 00:41:39)) {"exception":"[object] (Illuminate\\Database\\QueryException(code: 22003): SQLSTATE[22003]: Numeric value out of range: 1264 Out of range value for column 'price' at row 1 (Connection: mysql, SQL: insert into `items` (`name`, `description`, `quantity`, `price`, `updated_at`, `created_at`) values (Laptop ABC, Laptop gaming dengan spesifikasi tinggi, 10, 15000000, 2025-05-31 00:41:39, 2025-05-31 00:41:39)) at C:\\Users\\teuku\\OneDrive\\Documents\\Code_PBW\\inventory-app\\vendor\\laravel\\framework\\src\\Illuminate\\Database\\Connection.php:822)
[stacktrace]
#0 C:\\Users\\teuku\\OneDrive\\Documents\\Code_PBW\\inventory-app\\vendor\\laravel\\framework\\src\\Illuminate\\Database\\Connection.php(776): Illuminate\\Database\\Connection->runQueryCallback()
#1 C:\\Users\\teuku\\OneDrive\\Documents\\Code_PBW\\inventory-app\\vendor\\laravel\\framework\\src\\Illuminate\\Database\\MySqlConnection.php(42): Illuminate\\Database\\Connection->run()
#2 C:\\Users\\teuku\\OneDrive\\Documents\\Code_PBW\\inventory-app\\vendor\\laravel\\framework\\src\\Illuminate\\Database\\Query\\Processors\\MySqlProcessor.php(35): Illuminate\\Database\\MySqlConnection->insert()
#3 C:\\Users\\teuku\\OneDrive\\Documents\\Code_PBW\\inventory-app\\vendor\\laravel\\framework\\src\\Illuminate\\Database\\Query\\Builder.php(3785): Illuminate\\Database\\Query\\Processors\\MySqlProcessor->processInsertGetId()
#4 C:\\Users\\teuku\\OneDrive\\Documents\\Code_PBW\\inventory-app\\vendor\\laravel\\framework\\src\\Illuminate\\Database\\Eloquent\\Builder.php(2205): Illuminate\\Database\\Query\\Builder->insertGetId()
#5 C:\\Users\\teuku\\OneDrive\\Documents\\Code_PBW\\inventory-app\\vendor\\laravel\\framework\\src\\Illuminate\\Database\\Eloquent\\Model.php(1408): Illuminate\\Database\\Eloquent\\Builder->__call()
#6 C:\\Users\\teuku\\OneDrive\\Documents\\Code_PBW\\inventory-app\\vendor\\laravel\\framework\\src\\Illuminate\\Database\\Eloquent\\Model.php(1373): Illuminate\\Database\\Eloquent\\Model->insertAndSetId()
#7 C:\\Users\\teuku\\OneDrive\\Documents\\Code_PBW\\inventory-app\\vendor\\laravel\\framework\\src\\Illuminate\\Database\\Eloquent\\Model.php(1212): Illuminate\\Database\\Eloquent\\Model->performInsert()
#8 C:\\Users\\teuku\\OneDrive\\Documents\\Code_PBW\\inventory-app\\vendor\\laravel\\framework\\src\\Illuminate\\Database\\Eloquent\\Builder.php(1189): Illuminate\\Database\\Eloquent\\Model->save()
#9 C:\\Users\\teuku\\OneDrive\\Documents\\Code_PBW\\inventory-app\\vendor\\laravel\\framework\\src\\Illuminate\\Support\\helpers.php(399): Illuminate\\Database\\Eloquent\\Builder->{closure:Illuminate\\Database\\Eloquent\\Builder::create():1188}()
#10 C:\\Users\\teuku\\OneDrive\\Documents\\Code_PBW\\inventory-app\\vendor\\laravel\\framework\\src\\Illuminate\\Database\\Eloquent\\Builder.php(1188): tap()
#11 C:\\Users\\teuku\\OneDrive\\Documents\\Code_PBW\\inventory-app\\vendor\\laravel\\framework\\src\\Illuminate\\Support\\Traits\\ForwardsCalls.php(23): Illuminate\\Database\\Eloquent\\Builder->create()
#12 C:\\Users\\teuku\\OneDrive\\Documents\\Code_PBW\\inventory-app\\vendor\\laravel\\framework\\src\\Illuminate\\Database\\Eloquent\\Model.php(2449): Illuminate\\Database\\Eloquent\\Model->forwardCallTo()
#13 C:\\Users\\teuku\\OneDrive\\Documents\\Code_PBW\\inventory-app\\vendor\\laravel\\framework\\src\\Illuminate\\Database\\Eloquent\\Model.php(2465): Illuminate\\Database\\Eloquent\\Model->__call()
#14 C:\\Users\\teuku\\OneDrive\\Documents\\Code_PBW\\inventory-app\\database\\seeders\\ItemSeeder.php(13): Illuminate\\Database\\Eloquent\\Model::__callStatic()
#15 C:\\Users\\teuku\\OneDrive\\Documents\\Code_PBW\\inventory-app\\vendor\\laravel\\framework\\src\\Illuminate\\Container\\BoundMethod.php(36): Database\\Seeders\\ItemSeeder->run()
#16 C:\\Users\\teuku\\OneDrive\\Documents\\Code_PBW\\inventory-app\\vendor\\laravel\\framework\\src\\Illuminate\\Container\\Util.php(43): Illuminate\\Container\\BoundMethod::{closure:Illuminate\\Container\\BoundMethod::call():35}()
#17 C:\\Users\\teuku\\OneDrive\\Documents\\Code_PBW\\inventory-app\\vendor\\laravel\\framework\\src\\Illuminate\\Container\\BoundMethod.php(96): Illuminate\\Container\\Util::unwrapIfClosure()
#18 C:\\Users\\teuku\\OneDrive\\Documents\\Code_PBW\\inventory-app\\vendor\\laravel\\framework\\src\\Illuminate\\Container\\BoundMethod.php(35): Illuminate\\Container\\BoundMethod::callBoundMethod()
#19 C:\\Users\\teuku\\OneDrive\\Documents\\Code_PBW\\inventory-app\\vendor\\laravel\\framework\\src\\Illuminate\\Container\\Container.php(754): Illuminate\\Container\\BoundMethod::call()
#20 C:\\Users\\teuku\\OneDrive\\Documents\\Code_PBW\\inventory-app\\vendor\\laravel\\framework\\src\\Illuminate\\Database\\Seeder.php(188): Illuminate\\Container\\Container->call()
#21 C:\\Users\\teuku\\OneDrive\\Documents\\Code_PBW\\inventory-app\\vendor\\laravel\\framework\\src\\Illuminate\\Database\\Seeder.php(197): Illuminate\\Database\\Seeder->{closure:Illuminate\\Database\\Seeder::__invoke():187}()
#22 C:\\Users\\teuku\\OneDrive\\Documents\\Code_PBW\\inventory-app\\vendor\\laravel\\framework\\src\\Illuminate\\Database\\Seeder.php(61): Illuminate\\Database\\Seeder->__invoke()
#23 C:\\Users\\teuku\\OneDrive\\Documents\\Code_PBW\\inventory-app\\database\\seeders\\DatabaseSeeder.php(19): Illuminate\\Database\\Seeder->call()
#24 C:\\Users\\teuku\\OneDrive\\Documents\\Code_PBW\\inventory-app\\vendor\\laravel\\framework\\src\\Illuminate\\Container\\BoundMethod.php(36): Database\\Seeders\\DatabaseSeeder->run()
#25 C:\\Users\\teuku\\OneDrive\\Documents\\Code_PBW\\inventory-app\\vendor\\laravel\\framework\\src\\Illuminate\\Container\\Util.php(43): Illuminate\\Container\\BoundMethod::{closure:Illuminate\\Container\\BoundMethod::call():35}()
#26 C:\\Users\\teuku\\OneDrive\\Documents\\Code_PBW\\inventory-app\\vendor\\laravel\\framework\\src\\Illuminate\\Container\\BoundMethod.php(96): Illuminate\\Container\\Util::unwrapIfClosure()
#27 C:\\Users\\teuku\\OneDrive\\Documents\\Code_PBW\\inventory-app\\vendor\\laravel\\framework\\src\\Illuminate\\Container\\BoundMethod.php(35): Illuminate\\Container\\BoundMethod::callBoundMethod()
#28 C:\\Users\\teuku\\OneDrive\\Documents\\Code_PBW\\inventory-app\\vendor\\laravel\\framework\\src\\Illuminate\\Container\\Container.php(754): Illuminate\\Container\\BoundMethod::call()
#29 C:\\Users\\teuku\\OneDrive\\Documents\\Code_PBW\\inventory-app\\vendor\\laravel\\framework\\src\\Illuminate\\Database\\Seeder.php(188): Illuminate\\Container\\Container->call()
#30 C:\\Users\\teuku\\OneDrive\\Documents\\Code_PBW\\inventory-app\\vendor\\laravel\\framework\\src\\Illuminate\\Database\\Seeder.php(197): Illuminate\\Database\\Seeder->{closure:Illuminate\\Database\\Seeder::__invoke():187}()
#31 C:\\Users\\teuku\\OneDrive\\Documents\\Code_PBW\\inventory-app\\vendor\\laravel\\framework\\src\\Illuminate\\Database\\Console\\Seeds\\SeedCommand.php(71): Illuminate\\Database\\Seeder->__invoke()
#32 C:\\Users\\teuku\\OneDrive\\Documents\\Code_PBW\\inventory-app\\vendor\\laravel\\framework\\src\\Illuminate\\Database\\Eloquent\\Concerns\\GuardsAttributes.php(155): Illuminate\\Database\\Console\\Seeds\\SeedCommand->{closure:Illuminate\\Database\\Console\\Seeds\\SeedCommand::handle():70}()
#33 C:\\Users\\teuku\\OneDrive\\Documents\\Code_PBW\\inventory-app\\vendor\\laravel\\framework\\src\\Illuminate\\Database\\Console\\Seeds\\SeedCommand.php(70): Illuminate\\Database\\Eloquent\\Model::unguarded()
#34 C:\\Users\\teuku\\OneDrive\\Documents\\Code_PBW\\inventory-app\\vendor\\laravel\\framework\\src\\Illuminate\\Container\\BoundMethod.php(36): Illuminate\\Database\\Console\\Seeds\\SeedCommand->handle()
#35 C:\\Users\\teuku\\OneDrive\\Documents\\Code_PBW\\inventory-app\\vendor\\laravel\\framework\\src\\Illuminate\\Container\\Util.php(43): Illuminate\\Container\\BoundMethod::{closure:Illuminate\\Container\\BoundMethod::call():35}()
#36 C:\\Users\\teuku\\OneDrive\\Documents\\Code_PBW\\inventory-app\\vendor\\laravel\\framework\\src\\Illuminate\\Container\\BoundMethod.php(96): Illuminate\\Container\\Util::unwrapIfClosure()
#37 C:\\Users\\teuku\\OneDrive\\Documents\\Code_PBW\\inventory-app\\vendor\\laravel\\framework\\src\\Illuminate\\Container\\BoundMethod.php(35): Illuminate\\Container\\BoundMethod::callBoundMethod()
#38 C:\\Users\\teuku\\OneDrive\\Documents\\Code_PBW\\inventory-app\\vendor\\laravel\\framework\\src\\Illuminate\\Container\\Container.php(754): Illuminate\\Container\\BoundMethod::call()
#39 C:\\Users\\teuku\\OneDrive\\Documents\\Code_PBW\\inventory-app\\vendor\\laravel\\framework\\src\\Illuminate\\Console\\Command.php(211): Illuminate\\Container\\Container->call()
#40 C:\\Users\\teuku\\OneDrive\\Documents\\Code_PBW\\inventory-app\\vendor\\symfony\\console\\Command\\Command.php(318): Illuminate\\Console\\Command->execute()
#41 C:\\Users\\teuku\\OneDrive\\Documents\\Code_PBW\\inventory-app\\vendor\\laravel\\framework\\src\\Illuminate\\Console\\Command.php(180): Symfony\\Component\\Console\\Command\\Command->run()
#42 C:\\Users\\teuku\\OneDrive\\Documents\\Code_PBW\\inventory-app\\vendor\\symfony\\console\\Application.php(1092): Illuminate\\Console\\Command->run()
#43 C:\\Users\\teuku\\OneDrive\\Documents\\Code_PBW\\inventory-app\\vendor\\symfony\\console\\Application.php(341): Symfony\\Component\\Console\\Application->doRunCommand()
#44 C:\\Users\\teuku\\OneDrive\\Documents\\Code_PBW\\inventory-app\\vendor\\symfony\\console\\Application.php(192): Symfony\\Component\\Console\\Application->doRun()
#45 C:\\Users\\teuku\\OneDrive\\Documents\\Code_PBW\\inventory-app\\vendor\\laravel\\framework\\src\\Illuminate\\Foundation\\Console\\Kernel.php(197): Symfony\\Component\\Console\\Application->run()
#46 C:\\Users\\teuku\\OneDrive\\Documents\\Code_PBW\\inventory-app\\vendor\\laravel\\framework\\src\\Illuminate\\Foundation\\Application.php(1234): Illuminate\\Foundation\\Console\\Kernel->handle()
#47 C:\\Users\\teuku\\OneDrive\\Documents\\Code_PBW\\inventory-app\\artisan(16): Illuminate\\Foundation\\Application->handleCommand()
#48 {main}

[previous exception] [object] (PDOException(code: 22003): SQLSTATE[22003]: Numeric value out of range: 1264 Out of range value for column 'price' at row 1 at C:\\Users\\teuku\\OneDrive\\Documents\\Code_PBW\\inventory-app\\vendor\\laravel\\framework\\src\\Illuminate\\Database\\MySqlConnection.php:53)
[stacktrace]
#0 C:\\Users\\teuku\\OneDrive\\Documents\\Code_PBW\\inventory-app\\vendor\\laravel\\framework\\src\\Illuminate\\Database\\MySqlConnection.php(53): PDOStatement->execute()
#1 C:\\Users\\teuku\\OneDrive\\Documents\\Code_PBW\\inventory-app\\vendor\\laravel\\framework\\src\\Illuminate\\Database\\Connection.php(809): Illuminate\\Database\\MySqlConnection->{closure:Illuminate\\Database\\MySqlConnection::insert():42}()
#2 C:\\Users\\teuku\\OneDrive\\Documents\\Code_PBW\\inventory-app\\vendor\\laravel\\framework\\src\\Illuminate\\Database\\Connection.php(776): Illuminate\\Database\\Connection->runQueryCallback()
#3 C:\\Users\\teuku\\OneDrive\\Documents\\Code_PBW\\inventory-app\\vendor\\laravel\\framework\\src\\Illuminate\\Database\\MySqlConnection.php(42): Illuminate\\Database\\Connection->run()
#4 C:\\Users\\teuku\\OneDrive\\Documents\\Code_PBW\\inventory-app\\vendor\\laravel\\framework\\src\\Illuminate\\Database\\Query\\Processors\\MySqlProcessor.php(35): Illuminate\\Database\\MySqlConnection->insert()
#5 C:\\Users\\teuku\\OneDrive\\Documents\\Code_PBW\\inventory-app\\vendor\\laravel\\framework\\src\\Illuminate\\Database\\Query\\Builder.php(3785): Illuminate\\Database\\Query\\Processors\\MySqlProcessor->processInsertGetId()
#6 C:\\Users\\teuku\\OneDrive\\Documents\\Code_PBW\\inventory-app\\vendor\\laravel\\framework\\src\\Illuminate\\Database\\Eloquent\\Builder.php(2205): Illuminate\\Database\\Query\\Builder->insertGetId()
#7 C:\\Users\\teuku\\OneDrive\\Documents\\Code_PBW\\inventory-app\\vendor\\laravel\\framework\\src\\Illuminate\\Database\\Eloquent\\Model.php(1408): Illuminate\\Database\\Eloquent\\Builder->__call()
#8 C:\\Users\\teuku\\OneDrive\\Documents\\Code_PBW\\inventory-app\\vendor\\laravel\\framework\\src\\Illuminate\\Database\\Eloquent\\Model.php(1373): Illuminate\\Database\\Eloquent\\Model->insertAndSetId()
#9 C:\\Users\\teuku\\OneDrive\\Documents\\Code_PBW\\inventory-app\\vendor\\laravel\\framework\\src\\Illuminate\\Database\\Eloquent\\Model.php(1212): Illuminate\\Database\\Eloquent\\Model->performInsert()
#10 C:\\Users\\teuku\\OneDrive\\Documents\\Code_PBW\\inventory-app\\vendor\\laravel\\framework\\src\\Illuminate\\Database\\Eloquent\\Builder.php(1189): Illuminate\\Database\\Eloquent\\Model->save()
#11 C:\\Users\\teuku\\OneDrive\\Documents\\Code_PBW\\inventory-app\\vendor\\laravel\\framework\\src\\Illuminate\\Support\\helpers.php(399): Illuminate\\Database\\Eloquent\\Builder->{closure:Illuminate\\Database\\Eloquent\\Builder::create():1188}()
#12 C:\\Users\\teuku\\OneDrive\\Documents\\Code_PBW\\inventory-app\\vendor\\laravel\\framework\\src\\Illuminate\\Database\\Eloquent\\Builder.php(1188): tap()
#13 C:\\Users\\teuku\\OneDrive\\Documents\\Code_PBW\\inventory-app\\vendor\\laravel\\framework\\src\\Illuminate\\Support\\Traits\\ForwardsCalls.php(23): Illuminate\\Database\\Eloquent\\Builder->create()
#14 C:\\Users\\teuku\\OneDrive\\Documents\\Code_PBW\\inventory-app\\vendor\\laravel\\framework\\src\\Illuminate\\Database\\Eloquent\\Model.php(2449): Illuminate\\Database\\Eloquent\\Model->forwardCallTo()
#15 C:\\Users\\teuku\\OneDrive\\Documents\\Code_PBW\\inventory-app\\vendor\\laravel\\framework\\src\\Illuminate\\Database\\Eloquent\\Model.php(2465): Illuminate\\Database\\Eloquent\\Model->__call()
#16 C:\\Users\\teuku\\OneDrive\\Documents\\Code_PBW\\inventory-app\\database\\seeders\\ItemSeeder.php(13): Illuminate\\Database\\Eloquent\\Model::__callStatic()
#17 C:\\Users\\teuku\\OneDrive\\Documents\\Code_PBW\\inventory-app\\vendor\\laravel\\framework\\src\\Illuminate\\Container\\BoundMethod.php(36): Database\\Seeders\\ItemSeeder->run()
#18 C:\\Users\\teuku\\OneDrive\\Documents\\Code_PBW\\inventory-app\\vendor\\laravel\\framework\\src\\Illuminate\\Container\\Util.php(43): Illuminate\\Container\\BoundMethod::{closure:Illuminate\\Container\\BoundMethod::call():35}()
#19 C:\\Users\\teuku\\OneDrive\\Documents\\Code_PBW\\inventory-app\\vendor\\laravel\\framework\\src\\Illuminate\\Container\\BoundMethod.php(96): Illuminate\\Container\\Util::unwrapIfClosure()
#20 C:\\Users\\teuku\\OneDrive\\Documents\\Code_PBW\\inventory-app\\vendor\\laravel\\framework\\src\\Illuminate\\Container\\BoundMethod.php(35): Illuminate\\Container\\BoundMethod::callBoundMethod()
#21 C:\\Users\\teuku\\OneDrive\\Documents\\Code_PBW\\inventory-app\\vendor\\laravel\\framework\\src\\Illuminate\\Container\\Container.php(754): Illuminate\\Container\\BoundMethod::call()
#22 C:\\Users\\teuku\\OneDrive\\Documents\\Code_PBW\\inventory-app\\vendor\\laravel\\framework\\src\\Illuminate\\Database\\Seeder.php(188): Illuminate\\Container\\Container->call()
#23 C:\\Users\\teuku\\OneDrive\\Documents\\Code_PBW\\inventory-app\\vendor\\laravel\\framework\\src\\Illuminate\\Database\\Seeder.php(197): Illuminate\\Database\\Seeder->{closure:Illuminate\\Database\\Seeder::__invoke():187}()
#24 C:\\Users\\teuku\\OneDrive\\Documents\\Code_PBW\\inventory-app\\vendor\\laravel\\framework\\src\\Illuminate\\Database\\Seeder.php(61): Illuminate\\Database\\Seeder->__invoke()
#25 C:\\Users\\teuku\\OneDrive\\Documents\\Code_PBW\\inventory-app\\database\\seeders\\DatabaseSeeder.php(19): Illuminate\\Database\\Seeder->call()
#26 C:\\Users\\teuku\\OneDrive\\Documents\\Code_PBW\\inventory-app\\vendor\\laravel\\framework\\src\\Illuminate\\Container\\BoundMethod.php(36): Database\\Seeders\\DatabaseSeeder->run()
#27 C:\\Users\\teuku\\OneDrive\\Documents\\Code_PBW\\inventory-app\\vendor\\laravel\\framework\\src\\Illuminate\\Container\\Util.php(43): Illuminate\\Container\\BoundMethod::{closure:Illuminate\\Container\\BoundMethod::call():35}()
#28 C:\\Users\\teuku\\OneDrive\\Documents\\Code_PBW\\inventory-app\\vendor\\laravel\\framework\\src\\Illuminate\\Container\\BoundMethod.php(96): Illuminate\\Container\\Util::unwrapIfClosure()
#29 C:\\Users\\teuku\\OneDrive\\Documents\\Code_PBW\\inventory-app\\vendor\\laravel\\framework\\src\\Illuminate\\Container\\BoundMethod.php(35): Illuminate\\Container\\BoundMethod::callBoundMethod()
#30 C:\\Users\\teuku\\OneDrive\\Documents\\Code_PBW\\inventory-app\\vendor\\laravel\\framework\\src\\Illuminate\\Container\\Container.php(754): Illuminate\\Container\\BoundMethod::call()
#31 C:\\Users\\teuku\\OneDrive\\Documents\\Code_PBW\\inventory-app\\vendor\\laravel\\framework\\src\\Illuminate\\Database\\Seeder.php(188): Illuminate\\Container\\Container->call()
#32 C:\\Users\\teuku\\OneDrive\\Documents\\Code_PBW\\inventory-app\\vendor\\laravel\\framework\\src\\Illuminate\\Database\\Seeder.php(197): Illuminate\\Database\\Seeder->{closure:Illuminate\\Database\\Seeder::__invoke():187}()
#33 C:\\Users\\teuku\\OneDrive\\Documents\\Code_PBW\\inventory-app\\vendor\\laravel\\framework\\src\\Illuminate\\Database\\Console\\Seeds\\SeedCommand.php(71): Illuminate\\Database\\Seeder->__invoke()
#34 C:\\Users\\teuku\\OneDrive\\Documents\\Code_PBW\\inventory-app\\vendor\\laravel\\framework\\src\\Illuminate\\Database\\Eloquent\\Concerns\\GuardsAttributes.php(155): Illuminate\\Database\\Console\\Seeds\\SeedCommand->{closure:Illuminate\\Database\\Console\\Seeds\\SeedCommand::handle():70}()
#35 C:\\Users\\teuku\\OneDrive\\Documents\\Code_PBW\\inventory-app\\vendor\\laravel\\framework\\src\\Illuminate\\Database\\Console\\Seeds\\SeedCommand.php(70): Illuminate\\Database\\Eloquent\\Model::unguarded()
#36 C:\\Users\\teuku\\OneDrive\\Documents\\Code_PBW\\inventory-app\\vendor\\laravel\\framework\\src\\Illuminate\\Container\\BoundMethod.php(36): Illuminate\\Database\\Console\\Seeds\\SeedCommand->handle()
#37 C:\\Users\\teuku\\OneDrive\\Documents\\Code_PBW\\inventory-app\\vendor\\laravel\\framework\\src\\Illuminate\\Container\\Util.php(43): Illuminate\\Container\\BoundMethod::{closure:Illuminate\\Container\\BoundMethod::call():35}()
#38 C:\\Users\\teuku\\OneDrive\\Documents\\Code_PBW\\inventory-app\\vendor\\laravel\\framework\\src\\Illuminate\\Container\\BoundMethod.php(96): Illuminate\\Container\\Util::unwrapIfClosure()
#39 C:\\Users\\teuku\\OneDrive\\Documents\\Code_PBW\\inventory-app\\vendor\\laravel\\framework\\src\\Illuminate\\Container\\BoundMethod.php(35): Illuminate\\Container\\BoundMethod::callBoundMethod()
#40 C:\\Users\\teuku\\OneDrive\\Documents\\Code_PBW\\inventory-app\\vendor\\laravel\\framework\\src\\Illuminate\\Container\\Container.php(754): Illuminate\\Container\\BoundMethod::call()
#41 C:\\Users\\teuku\\OneDrive\\Documents\\Code_PBW\\inventory-app\\vendor\\laravel\\framework\\src\\Illuminate\\Console\\Command.php(211): Illuminate\\Container\\Container->call()
#42 C:\\Users\\teuku\\OneDrive\\Documents\\Code_PBW\\inventory-app\\vendor\\symfony\\console\\Command\\Command.php(318): Illuminate\\Console\\Command->execute()
#43 C:\\Users\\teuku\\OneDrive\\Documents\\Code_PBW\\inventory-app\\vendor\\laravel\\framework\\src\\Illuminate\\Console\\Command.php(180): Symfony\\Component\\Console\\Command\\Command->run()
#44 C:\\Users\\teuku\\OneDrive\\Documents\\Code_PBW\\inventory-app\\vendor\\symfony\\console\\Application.php(1092): Illuminate\\Console\\Command->run()
#45 C:\\Users\\teuku\\OneDrive\\Documents\\Code_PBW\\inventory-app\\vendor\\symfony\\console\\Application.php(341): Symfony\\Component\\Console\\Application->doRunCommand()
#46 C:\\Users\\teuku\\OneDrive\\Documents\\Code_PBW\\inventory-app\\vendor\\symfony\\console\\Application.php(192): Symfony\\Component\\Console\\Application->doRun()
#47 C:\\Users\\teuku\\OneDrive\\Documents\\Code_PBW\\inventory-app\\vendor\\laravel\\framework\\src\\Illuminate\\Foundation\\Console\\Kernel.php(197): Symfony\\Component\\Console\\Application->run()
#48 C:\\Users\\teuku\\OneDrive\\Documents\\Code_PBW\\inventory-app\\vendor\\laravel\\framework\\src\\Illuminate\\Foundation\\Application.php(1234): Illuminate\\Foundation\\Console\\Kernel->handle()
#49 C:\\Users\\teuku\\OneDrive\\Documents\\Code_PBW\\inventory-app\\artisan(16): Illuminate\\Foundation\\Application->handleCommand()
#50 {main}
"} 
[2025-05-31 00:45:20] local.ERROR: SQLSTATE[22003]: Numeric value out of range: 1264 Out of range value for column 'price' at row 1 (Connection: mysql, SQL: insert into `items` (`name`, `description`, `quantity`, `price`, `updated_at`, `created_at`) values (Laptop ABC, Laptop gaming dengan spesifikasi tinggi, 10, 15000000, 2025-05-31 00:45:20, 2025-05-31 00:45:20)) {"exception":"[object] (Illuminate\\Database\\QueryException(code: 22003): SQLSTATE[22003]: Numeric value out of range: 1264 Out of range value for column 'price' at row 1 (Connection: mysql, SQL: insert into `items` (`name`, `description`, `quantity`, `price`, `updated_at`, `created_at`) values (Laptop ABC, Laptop gaming dengan spesifikasi tinggi, 10, 15000000, 2025-05-31 00:45:20, 2025-05-31 00:45:20)) at C:\\Users\\teuku\\OneDrive\\Documents\\Code_PBW\\inventory-app\\vendor\\laravel\\framework\\src\\Illuminate\\Database\\Connection.php:822)
[stacktrace]
#0 C:\\Users\\teuku\\OneDrive\\Documents\\Code_PBW\\inventory-app\\vendor\\laravel\\framework\\src\\Illuminate\\Database\\Connection.php(776): Illuminate\\Database\\Connection->runQueryCallback()
#1 C:\\Users\\teuku\\OneDrive\\Documents\\Code_PBW\\inventory-app\\vendor\\laravel\\framework\\src\\Illuminate\\Database\\MySqlConnection.php(42): Illuminate\\Database\\Connection->run()
#2 C:\\Users\\teuku\\OneDrive\\Documents\\Code_PBW\\inventory-app\\vendor\\laravel\\framework\\src\\Illuminate\\Database\\Query\\Processors\\MySqlProcessor.php(35): Illuminate\\Database\\MySqlConnection->insert()
#3 C:\\Users\\teuku\\OneDrive\\Documents\\Code_PBW\\inventory-app\\vendor\\laravel\\framework\\src\\Illuminate\\Database\\Query\\Builder.php(3785): Illuminate\\Database\\Query\\Processors\\MySqlProcessor->processInsertGetId()
#4 C:\\Users\\teuku\\OneDrive\\Documents\\Code_PBW\\inventory-app\\vendor\\laravel\\framework\\src\\Illuminate\\Database\\Eloquent\\Builder.php(2205): Illuminate\\Database\\Query\\Builder->insertGetId()
#5 C:\\Users\\teuku\\OneDrive\\Documents\\Code_PBW\\inventory-app\\vendor\\laravel\\framework\\src\\Illuminate\\Database\\Eloquent\\Model.php(1408): Illuminate\\Database\\Eloquent\\Builder->__call()
#6 C:\\Users\\teuku\\OneDrive\\Documents\\Code_PBW\\inventory-app\\vendor\\laravel\\framework\\src\\Illuminate\\Database\\Eloquent\\Model.php(1373): Illuminate\\Database\\Eloquent\\Model->insertAndSetId()
#7 C:\\Users\\teuku\\OneDrive\\Documents\\Code_PBW\\inventory-app\\vendor\\laravel\\framework\\src\\Illuminate\\Database\\Eloquent\\Model.php(1212): Illuminate\\Database\\Eloquent\\Model->performInsert()
#8 C:\\Users\\teuku\\OneDrive\\Documents\\Code_PBW\\inventory-app\\vendor\\laravel\\framework\\src\\Illuminate\\Database\\Eloquent\\Builder.php(1189): Illuminate\\Database\\Eloquent\\Model->save()
#9 C:\\Users\\teuku\\OneDrive\\Documents\\Code_PBW\\inventory-app\\vendor\\laravel\\framework\\src\\Illuminate\\Support\\helpers.php(399): Illuminate\\Database\\Eloquent\\Builder->{closure:Illuminate\\Database\\Eloquent\\Builder::create():1188}()
#10 C:\\Users\\teuku\\OneDrive\\Documents\\Code_PBW\\inventory-app\\vendor\\laravel\\framework\\src\\Illuminate\\Database\\Eloquent\\Builder.php(1188): tap()
#11 C:\\Users\\teuku\\OneDrive\\Documents\\Code_PBW\\inventory-app\\vendor\\laravel\\framework\\src\\Illuminate\\Support\\Traits\\ForwardsCalls.php(23): Illuminate\\Database\\Eloquent\\Builder->create()
#12 C:\\Users\\teuku\\OneDrive\\Documents\\Code_PBW\\inventory-app\\vendor\\laravel\\framework\\src\\Illuminate\\Database\\Eloquent\\Model.php(2449): Illuminate\\Database\\Eloquent\\Model->forwardCallTo()
#13 C:\\Users\\teuku\\OneDrive\\Documents\\Code_PBW\\inventory-app\\vendor\\laravel\\framework\\src\\Illuminate\\Database\\Eloquent\\Model.php(2465): Illuminate\\Database\\Eloquent\\Model->__call()
#14 C:\\Users\\teuku\\OneDrive\\Documents\\Code_PBW\\inventory-app\\database\\seeders\\ItemSeeder.php(13): Illuminate\\Database\\Eloquent\\Model::__callStatic()
#15 C:\\Users\\teuku\\OneDrive\\Documents\\Code_PBW\\inventory-app\\vendor\\laravel\\framework\\src\\Illuminate\\Container\\BoundMethod.php(36): Database\\Seeders\\ItemSeeder->run()
#16 C:\\Users\\teuku\\OneDrive\\Documents\\Code_PBW\\inventory-app\\vendor\\laravel\\framework\\src\\Illuminate\\Container\\Util.php(43): Illuminate\\Container\\BoundMethod::{closure:Illuminate\\Container\\BoundMethod::call():35}()
#17 C:\\Users\\teuku\\OneDrive\\Documents\\Code_PBW\\inventory-app\\vendor\\laravel\\framework\\src\\Illuminate\\Container\\BoundMethod.php(96): Illuminate\\Container\\Util::unwrapIfClosure()
#18 C:\\Users\\teuku\\OneDrive\\Documents\\Code_PBW\\inventory-app\\vendor\\laravel\\framework\\src\\Illuminate\\Container\\BoundMethod.php(35): Illuminate\\Container\\BoundMethod::callBoundMethod()
#19 C:\\Users\\teuku\\OneDrive\\Documents\\Code_PBW\\inventory-app\\vendor\\laravel\\framework\\src\\Illuminate\\Container\\Container.php(754): Illuminate\\Container\\BoundMethod::call()
#20 C:\\Users\\teuku\\OneDrive\\Documents\\Code_PBW\\inventory-app\\vendor\\laravel\\framework\\src\\Illuminate\\Database\\Seeder.php(188): Illuminate\\Container\\Container->call()
#21 C:\\Users\\teuku\\OneDrive\\Documents\\Code_PBW\\inventory-app\\vendor\\laravel\\framework\\src\\Illuminate\\Database\\Seeder.php(197): Illuminate\\Database\\Seeder->{closure:Illuminate\\Database\\Seeder::__invoke():187}()
#22 C:\\Users\\teuku\\OneDrive\\Documents\\Code_PBW\\inventory-app\\vendor\\laravel\\framework\\src\\Illuminate\\Database\\Seeder.php(61): Illuminate\\Database\\Seeder->__invoke()
#23 C:\\Users\\teuku\\OneDrive\\Documents\\Code_PBW\\inventory-app\\database\\seeders\\DatabaseSeeder.php(19): Illuminate\\Database\\Seeder->call()
#24 C:\\Users\\teuku\\OneDrive\\Documents\\Code_PBW\\inventory-app\\vendor\\laravel\\framework\\src\\Illuminate\\Container\\BoundMethod.php(36): Database\\Seeders\\DatabaseSeeder->run()
#25 C:\\Users\\teuku\\OneDrive\\Documents\\Code_PBW\\inventory-app\\vendor\\laravel\\framework\\src\\Illuminate\\Container\\Util.php(43): Illuminate\\Container\\BoundMethod::{closure:Illuminate\\Container\\BoundMethod::call():35}()
#26 C:\\Users\\teuku\\OneDrive\\Documents\\Code_PBW\\inventory-app\\vendor\\laravel\\framework\\src\\Illuminate\\Container\\BoundMethod.php(96): Illuminate\\Container\\Util::unwrapIfClosure()
#27 C:\\Users\\teuku\\OneDrive\\Documents\\Code_PBW\\inventory-app\\vendor\\laravel\\framework\\src\\Illuminate\\Container\\BoundMethod.php(35): Illuminate\\Container\\BoundMethod::callBoundMethod()
#28 C:\\Users\\teuku\\OneDrive\\Documents\\Code_PBW\\inventory-app\\vendor\\laravel\\framework\\src\\Illuminate\\Container\\Container.php(754): Illuminate\\Container\\BoundMethod::call()
#29 C:\\Users\\teuku\\OneDrive\\Documents\\Code_PBW\\inventory-app\\vendor\\laravel\\framework\\src\\Illuminate\\Database\\Seeder.php(188): Illuminate\\Container\\Container->call()
#30 C:\\Users\\teuku\\OneDrive\\Documents\\Code_PBW\\inventory-app\\vendor\\laravel\\framework\\src\\Illuminate\\Database\\Seeder.php(197): Illuminate\\Database\\Seeder->{closure:Illuminate\\Database\\Seeder::__invoke():187}()
#31 C:\\Users\\teuku\\OneDrive\\Documents\\Code_PBW\\inventory-app\\vendor\\laravel\\framework\\src\\Illuminate\\Database\\Console\\Seeds\\SeedCommand.php(71): Illuminate\\Database\\Seeder->__invoke()
#32 C:\\Users\\teuku\\OneDrive\\Documents\\Code_PBW\\inventory-app\\vendor\\laravel\\framework\\src\\Illuminate\\Database\\Eloquent\\Concerns\\GuardsAttributes.php(155): Illuminate\\Database\\Console\\Seeds\\SeedCommand->{closure:Illuminate\\Database\\Console\\Seeds\\SeedCommand::handle():70}()
#33 C:\\Users\\teuku\\OneDrive\\Documents\\Code_PBW\\inventory-app\\vendor\\laravel\\framework\\src\\Illuminate\\Database\\Console\\Seeds\\SeedCommand.php(70): Illuminate\\Database\\Eloquent\\Model::unguarded()
#34 C:\\Users\\teuku\\OneDrive\\Documents\\Code_PBW\\inventory-app\\vendor\\laravel\\framework\\src\\Illuminate\\Container\\BoundMethod.php(36): Illuminate\\Database\\Console\\Seeds\\SeedCommand->handle()
#35 C:\\Users\\teuku\\OneDrive\\Documents\\Code_PBW\\inventory-app\\vendor\\laravel\\framework\\src\\Illuminate\\Container\\Util.php(43): Illuminate\\Container\\BoundMethod::{closure:Illuminate\\Container\\BoundMethod::call():35}()
#36 C:\\Users\\teuku\\OneDrive\\Documents\\Code_PBW\\inventory-app\\vendor\\laravel\\framework\\src\\Illuminate\\Container\\BoundMethod.php(96): Illuminate\\Container\\Util::unwrapIfClosure()
#37 C:\\Users\\teuku\\OneDrive\\Documents\\Code_PBW\\inventory-app\\vendor\\laravel\\framework\\src\\Illuminate\\Container\\BoundMethod.php(35): Illuminate\\Container\\BoundMethod::callBoundMethod()
#38 C:\\Users\\teuku\\OneDrive\\Documents\\Code_PBW\\inventory-app\\vendor\\laravel\\framework\\src\\Illuminate\\Container\\Container.php(754): Illuminate\\Container\\BoundMethod::call()
#39 C:\\Users\\teuku\\OneDrive\\Documents\\Code_PBW\\inventory-app\\vendor\\laravel\\framework\\src\\Illuminate\\Console\\Command.php(211): Illuminate\\Container\\Container->call()
#40 C:\\Users\\teuku\\OneDrive\\Documents\\Code_PBW\\inventory-app\\vendor\\symfony\\console\\Command\\Command.php(318): Illuminate\\Console\\Command->execute()
#41 C:\\Users\\teuku\\OneDrive\\Documents\\Code_PBW\\inventory-app\\vendor\\laravel\\framework\\src\\Illuminate\\Console\\Command.php(180): Symfony\\Component\\Console\\Command\\Command->run()
#42 C:\\Users\\teuku\\OneDrive\\Documents\\Code_PBW\\inventory-app\\vendor\\symfony\\console\\Application.php(1092): Illuminate\\Console\\Command->run()
#43 C:\\Users\\teuku\\OneDrive\\Documents\\Code_PBW\\inventory-app\\vendor\\symfony\\console\\Application.php(341): Symfony\\Component\\Console\\Application->doRunCommand()
#44 C:\\Users\\teuku\\OneDrive\\Documents\\Code_PBW\\inventory-app\\vendor\\symfony\\console\\Application.php(192): Symfony\\Component\\Console\\Application->doRun()
#45 C:\\Users\\teuku\\OneDrive\\Documents\\Code_PBW\\inventory-app\\vendor\\laravel\\framework\\src\\Illuminate\\Foundation\\Console\\Kernel.php(197): Symfony\\Component\\Console\\Application->run()
#46 C:\\Users\\teuku\\OneDrive\\Documents\\Code_PBW\\inventory-app\\vendor\\laravel\\framework\\src\\Illuminate\\Foundation\\Application.php(1234): Illuminate\\Foundation\\Console\\Kernel->handle()
#47 C:\\Users\\teuku\\OneDrive\\Documents\\Code_PBW\\inventory-app\\artisan(16): Illuminate\\Foundation\\Application->handleCommand()
#48 {main}

[previous exception] [object] (PDOException(code: 22003): SQLSTATE[22003]: Numeric value out of range: 1264 Out of range value for column 'price' at row 1 at C:\\Users\\teuku\\OneDrive\\Documents\\Code_PBW\\inventory-app\\vendor\\laravel\\framework\\src\\Illuminate\\Database\\MySqlConnection.php:53)
[stacktrace]
#0 C:\\Users\\teuku\\OneDrive\\Documents\\Code_PBW\\inventory-app\\vendor\\laravel\\framework\\src\\Illuminate\\Database\\MySqlConnection.php(53): PDOStatement->execute()
#1 C:\\Users\\teuku\\OneDrive\\Documents\\Code_PBW\\inventory-app\\vendor\\laravel\\framework\\src\\Illuminate\\Database\\Connection.php(809): Illuminate\\Database\\MySqlConnection->{closure:Illuminate\\Database\\MySqlConnection::insert():42}()
#2 C:\\Users\\teuku\\OneDrive\\Documents\\Code_PBW\\inventory-app\\vendor\\laravel\\framework\\src\\Illuminate\\Database\\Connection.php(776): Illuminate\\Database\\Connection->runQueryCallback()
#3 C:\\Users\\teuku\\OneDrive\\Documents\\Code_PBW\\inventory-app\\vendor\\laravel\\framework\\src\\Illuminate\\Database\\MySqlConnection.php(42): Illuminate\\Database\\Connection->run()
#4 C:\\Users\\teuku\\OneDrive\\Documents\\Code_PBW\\inventory-app\\vendor\\laravel\\framework\\src\\Illuminate\\Database\\Query\\Processors\\MySqlProcessor.php(35): Illuminate\\Database\\MySqlConnection->insert()
#5 C:\\Users\\teuku\\OneDrive\\Documents\\Code_PBW\\inventory-app\\vendor\\laravel\\framework\\src\\Illuminate\\Database\\Query\\Builder.php(3785): Illuminate\\Database\\Query\\Processors\\MySqlProcessor->processInsertGetId()
#6 C:\\Users\\teuku\\OneDrive\\Documents\\Code_PBW\\inventory-app\\vendor\\laravel\\framework\\src\\Illuminate\\Database\\Eloquent\\Builder.php(2205): Illuminate\\Database\\Query\\Builder->insertGetId()
#7 C:\\Users\\teuku\\OneDrive\\Documents\\Code_PBW\\inventory-app\\vendor\\laravel\\framework\\src\\Illuminate\\Database\\Eloquent\\Model.php(1408): Illuminate\\Database\\Eloquent\\Builder->__call()
#8 C:\\Users\\teuku\\OneDrive\\Documents\\Code_PBW\\inventory-app\\vendor\\laravel\\framework\\src\\Illuminate\\Database\\Eloquent\\Model.php(1373): Illuminate\\Database\\Eloquent\\Model->insertAndSetId()
#9 C:\\Users\\teuku\\OneDrive\\Documents\\Code_PBW\\inventory-app\\vendor\\laravel\\framework\\src\\Illuminate\\Database\\Eloquent\\Model.php(1212): Illuminate\\Database\\Eloquent\\Model->performInsert()
#10 C:\\Users\\teuku\\OneDrive\\Documents\\Code_PBW\\inventory-app\\vendor\\laravel\\framework\\src\\Illuminate\\Database\\Eloquent\\Builder.php(1189): Illuminate\\Database\\Eloquent\\Model->save()
#11 C:\\Users\\teuku\\OneDrive\\Documents\\Code_PBW\\inventory-app\\vendor\\laravel\\framework\\src\\Illuminate\\Support\\helpers.php(399): Illuminate\\Database\\Eloquent\\Builder->{closure:Illuminate\\Database\\Eloquent\\Builder::create():1188}()
#12 C:\\Users\\teuku\\OneDrive\\Documents\\Code_PBW\\inventory-app\\vendor\\laravel\\framework\\src\\Illuminate\\Database\\Eloquent\\Builder.php(1188): tap()
#13 C:\\Users\\teuku\\OneDrive\\Documents\\Code_PBW\\inventory-app\\vendor\\laravel\\framework\\src\\Illuminate\\Support\\Traits\\ForwardsCalls.php(23): Illuminate\\Database\\Eloquent\\Builder->create()
#14 C:\\Users\\teuku\\OneDrive\\Documents\\Code_PBW\\inventory-app\\vendor\\laravel\\framework\\src\\Illuminate\\Database\\Eloquent\\Model.php(2449): Illuminate\\Database\\Eloquent\\Model->forwardCallTo()
#15 C:\\Users\\teuku\\OneDrive\\Documents\\Code_PBW\\inventory-app\\vendor\\laravel\\framework\\src\\Illuminate\\Database\\Eloquent\\Model.php(2465): Illuminate\\Database\\Eloquent\\Model->__call()
#16 C:\\Users\\teuku\\OneDrive\\Documents\\Code_PBW\\inventory-app\\database\\seeders\\ItemSeeder.php(13): Illuminate\\Database\\Eloquent\\Model::__callStatic()
#17 C:\\Users\\teuku\\OneDrive\\Documents\\Code_PBW\\inventory-app\\vendor\\laravel\\framework\\src\\Illuminate\\Container\\BoundMethod.php(36): Database\\Seeders\\ItemSeeder->run()
#18 C:\\Users\\teuku\\OneDrive\\Documents\\Code_PBW\\inventory-app\\vendor\\laravel\\framework\\src\\Illuminate\\Container\\Util.php(43): Illuminate\\Container\\BoundMethod::{closure:Illuminate\\Container\\BoundMethod::call():35}()
#19 C:\\Users\\teuku\\OneDrive\\Documents\\Code_PBW\\inventory-app\\vendor\\laravel\\framework\\src\\Illuminate\\Container\\BoundMethod.php(96): Illuminate\\Container\\Util::unwrapIfClosure()
#20 C:\\Users\\teuku\\OneDrive\\Documents\\Code_PBW\\inventory-app\\vendor\\laravel\\framework\\src\\Illuminate\\Container\\BoundMethod.php(35): Illuminate\\Container\\BoundMethod::callBoundMethod()
#21 C:\\Users\\teuku\\OneDrive\\Documents\\Code_PBW\\inventory-app\\vendor\\laravel\\framework\\src\\Illuminate\\Container\\Container.php(754): Illuminate\\Container\\BoundMethod::call()
#22 C:\\Users\\teuku\\OneDrive\\Documents\\Code_PBW\\inventory-app\\vendor\\laravel\\framework\\src\\Illuminate\\Database\\Seeder.php(188): Illuminate\\Container\\Container->call()
#23 C:\\Users\\teuku\\OneDrive\\Documents\\Code_PBW\\inventory-app\\vendor\\laravel\\framework\\src\\Illuminate\\Database\\Seeder.php(197): Illuminate\\Database\\Seeder->{closure:Illuminate\\Database\\Seeder::__invoke():187}()
#24 C:\\Users\\teuku\\OneDrive\\Documents\\Code_PBW\\inventory-app\\vendor\\laravel\\framework\\src\\Illuminate\\Database\\Seeder.php(61): Illuminate\\Database\\Seeder->__invoke()
#25 C:\\Users\\teuku\\OneDrive\\Documents\\Code_PBW\\inventory-app\\database\\seeders\\DatabaseSeeder.php(19): Illuminate\\Database\\Seeder->call()
#26 C:\\Users\\teuku\\OneDrive\\Documents\\Code_PBW\\inventory-app\\vendor\\laravel\\framework\\src\\Illuminate\\Container\\BoundMethod.php(36): Database\\Seeders\\DatabaseSeeder->run()
#27 C:\\Users\\teuku\\OneDrive\\Documents\\Code_PBW\\inventory-app\\vendor\\laravel\\framework\\src\\Illuminate\\Container\\Util.php(43): Illuminate\\Container\\BoundMethod::{closure:Illuminate\\Container\\BoundMethod::call():35}()
#28 C:\\Users\\teuku\\OneDrive\\Documents\\Code_PBW\\inventory-app\\vendor\\laravel\\framework\\src\\Illuminate\\Container\\BoundMethod.php(96): Illuminate\\Container\\Util::unwrapIfClosure()
#29 C:\\Users\\teuku\\OneDrive\\Documents\\Code_PBW\\inventory-app\\vendor\\laravel\\framework\\src\\Illuminate\\Container\\BoundMethod.php(35): Illuminate\\Container\\BoundMethod::callBoundMethod()
#30 C:\\Users\\teuku\\OneDrive\\Documents\\Code_PBW\\inventory-app\\vendor\\laravel\\framework\\src\\Illuminate\\Container\\Container.php(754): Illuminate\\Container\\BoundMethod::call()
#31 C:\\Users\\teuku\\OneDrive\\Documents\\Code_PBW\\inventory-app\\vendor\\laravel\\framework\\src\\Illuminate\\Database\\Seeder.php(188): Illuminate\\Container\\Container->call()
#32 C:\\Users\\teuku\\OneDrive\\Documents\\Code_PBW\\inventory-app\\vendor\\laravel\\framework\\src\\Illuminate\\Database\\Seeder.php(197): Illuminate\\Database\\Seeder->{closure:Illuminate\\Database\\Seeder::__invoke():187}()
#33 C:\\Users\\teuku\\OneDrive\\Documents\\Code_PBW\\inventory-app\\vendor\\laravel\\framework\\src\\Illuminate\\Database\\Console\\Seeds\\SeedCommand.php(71): Illuminate\\Database\\Seeder->__invoke()
#34 C:\\Users\\teuku\\OneDrive\\Documents\\Code_PBW\\inventory-app\\vendor\\laravel\\framework\\src\\Illuminate\\Database\\Eloquent\\Concerns\\GuardsAttributes.php(155): Illuminate\\Database\\Console\\Seeds\\SeedCommand->{closure:Illuminate\\Database\\Console\\Seeds\\SeedCommand::handle():70}()
#35 C:\\Users\\teuku\\OneDrive\\Documents\\Code_PBW\\inventory-app\\vendor\\laravel\\framework\\src\\Illuminate\\Database\\Console\\Seeds\\SeedCommand.php(70): Illuminate\\Database\\Eloquent\\Model::unguarded()
#36 C:\\Users\\teuku\\OneDrive\\Documents\\Code_PBW\\inventory-app\\vendor\\laravel\\framework\\src\\Illuminate\\Container\\BoundMethod.php(36): Illuminate\\Database\\Console\\Seeds\\SeedCommand->handle()
#37 C:\\Users\\teuku\\OneDrive\\Documents\\Code_PBW\\inventory-app\\vendor\\laravel\\framework\\src\\Illuminate\\Container\\Util.php(43): Illuminate\\Container\\BoundMethod::{closure:Illuminate\\Container\\BoundMethod::call():35}()
#38 C:\\Users\\teuku\\OneDrive\\Documents\\Code_PBW\\inventory-app\\vendor\\laravel\\framework\\src\\Illuminate\\Container\\BoundMethod.php(96): Illuminate\\Container\\Util::unwrapIfClosure()
#39 C:\\Users\\teuku\\OneDrive\\Documents\\Code_PBW\\inventory-app\\vendor\\laravel\\framework\\src\\Illuminate\\Container\\BoundMethod.php(35): Illuminate\\Container\\BoundMethod::callBoundMethod()
#40 C:\\Users\\teuku\\OneDrive\\Documents\\Code_PBW\\inventory-app\\vendor\\laravel\\framework\\src\\Illuminate\\Container\\Container.php(754): Illuminate\\Container\\BoundMethod::call()
#41 C:\\Users\\teuku\\OneDrive\\Documents\\Code_PBW\\inventory-app\\vendor\\laravel\\framework\\src\\Illuminate\\Console\\Command.php(211): Illuminate\\Container\\Container->call()
#42 C:\\Users\\teuku\\OneDrive\\Documents\\Code_PBW\\inventory-app\\vendor\\symfony\\console\\Command\\Command.php(318): Illuminate\\Console\\Command->execute()
#43 C:\\Users\\teuku\\OneDrive\\Documents\\Code_PBW\\inventory-app\\vendor\\laravel\\framework\\src\\Illuminate\\Console\\Command.php(180): Symfony\\Component\\Console\\Command\\Command->run()
#44 C:\\Users\\teuku\\OneDrive\\Documents\\Code_PBW\\inventory-app\\vendor\\symfony\\console\\Application.php(1092): Illuminate\\Console\\Command->run()
#45 C:\\Users\\teuku\\OneDrive\\Documents\\Code_PBW\\inventory-app\\vendor\\symfony\\console\\Application.php(341): Symfony\\Component\\Console\\Application->doRunCommand()
#46 C:\\Users\\teuku\\OneDrive\\Documents\\Code_PBW\\inventory-app\\vendor\\symfony\\console\\Application.php(192): Symfony\\Component\\Console\\Application->doRun()
#47 C:\\Users\\teuku\\OneDrive\\Documents\\Code_PBW\\inventory-app\\vendor\\laravel\\framework\\src\\Illuminate\\Foundation\\Console\\Kernel.php(197): Symfony\\Component\\Console\\Application->run()
#48 C:\\Users\\teuku\\OneDrive\\Documents\\Code_PBW\\inventory-app\\vendor\\laravel\\framework\\src\\Illuminate\\Foundation\\Application.php(1234): Illuminate\\Foundation\\Console\\Kernel->handle()
#49 C:\\Users\\teuku\\OneDrive\\Documents\\Code_PBW\\inventory-app\\artisan(16): Illuminate\\Foundation\\Application->handleCommand()
#50 {main}
"} 
